Python path: ['C:\\Users\\1100a\\Documents\\BiasLens', 'C:\\Program Files\\WindowsApps\\PythonSoftwareFoundation.Python.3.10_3.10.3056.0_x64__qbz5n2kfra8p0\\python310.zip', 'C:\\Program Files\\WindowsApps\\PythonSoftwareFoundation.Python.3.10_3.10.3056.0_x64__qbz5n2kfra8p0\\DLLs', 'C:\\Program Files\\WindowsApps\\PythonSoftwareFoundation.Python.3.10_3.10.3056.0_x64__qbz5n2kfra8p0\\lib', 'C:\\Users\\1100a\\AppData\\Local\\Microsoft\\WindowsApps\\PythonSoftwareFoundation.Python.3.10_qbz5n2kfra8p0', 'C:\\Users\\1100a\\Documents\\BiasLens\\biaslensvenv', 'C:\\Users\\1100a\\Documents\\BiasLens\\biaslensvenv\\lib\\site-packages', 'C:\\Users\\1100a\\Documents\\BiasLens', 'C:\\Users\\1100a\\Documents\\BiasLens\\biaslens']
Current directory: C:\Users\1100a\Documents\BiasLens


--- Generated Timeline (JSON String) ---
[{"timestamp": "Timestamp N/A", "event_summary": "initial reports called the video \" heart - warming\"", "sources": ["bbc.com"]}, {"timestamp": "Timestamp N/A", "event_summary": "Mr Gurjar told BBC Hindi", "sources": ["bbc.com"]}, {"timestamp": "Timestamp N/A", "event_summary": "Cheetahs became extinct", "sources": ["bbc.com"]}, {"timestamp": "Timestamp N/A", "event_summary": "a cheetah called Jwala and her four cubs drink from it", "sources": ["bbc.com"]}, {"timestamp": "Timestamp N/A", "event_summary": "Mr Gurjar has some advice about what to do", "sources": ["bbc.com"]}, {"timestamp": "Timestamp N/A", "event_summary": "Forest officials confirmed his reinstatement", "sources": ["bbc.com"]}, {"timestamp": "Timestamp N/A", "event_summary": "Park authorities deny the allegations", "sources": ["bbc.com"]}, {"timestamp": "Timestamp N/A", "event_summary": "Satyanarayan Gurjar said adding that the region 's top forest official was incensed at his act", "sources": ["bbc.com"]}, {"timestamp": "Timestamp N/A", "event_summary": "eight died from causes like kidney failure and mating injuries", "sources": ["bbc.com"]}, {"timestamp": "Timestamp N/A", "event_summary": "20 cheetahs relocated from South Africa and Namibia", "sources": ["bbc.com"]}, {"timestamp": "Timestamp N/A", "event_summary": "India expected to receive 20 more from South Africa this year", "sources": ["bbc.com"]}, {"timestamp": "Timestamp N/A", "event_summary": "I sense the feelings of 99 % of animals", "sources": ["bbc.com"]}, {"timestamp": "Timestamp N/A", "event_summary": "An Indian forest worker , who was suspended after he was seen offering water to a cheetah and her cubs in a viral video , restored in his job", "sources": ["bbc.com"]}, {"timestamp": "Timestamp N/A", "event_summary": "I called her", "sources": ["bbc.com"]}, {"timestamp": "Timestamp N/A", "event_summary": "Satyanarayan Gurjar , a driver at the Kuno National Park in Madhya Pradesh state , violated instructions which said only authorised personnel could go near the big cats", "sources": ["bbc.com"]}, {"timestamp": "Timestamp N/A", "event_summary": "Satyanarayan Gurjar come only when you call them by their names", "sources": ["bbc.com"]}]

--- Parsed Timeline Data (for verification) ---
{'timestamp': 'Timestamp N/A', 'event_summary': 'initial reports called the video " heart - warming"', 'sources': ['bbc.com']}
{'timestamp': 'Timestamp N/A', 'event_summary': 'Mr Gurjar told BBC Hindi', 'sources': ['bbc.com']}
{'timestamp': 'Timestamp N/A', 'event_summary': 'Cheetahs became extinct', 'sources': ['bbc.com']}
{'timestamp': 'Timestamp N/A', 'event_summary': 'a cheetah called Jwala and her four cubs drink from it', 'sources': ['bbc.com']}
{'timestamp': 'Timestamp N/A', 'event_summary': 'Mr Gurjar has some advice about what to do', 'sources': ['bbc.com']}
{'timestamp': 'Timestamp N/A', 'event_summary': 'Forest officials confirmed his reinstatement', 'sources': ['bbc.com']}
{'timestamp': 'Timestamp N/A', 'event_summary': 'Park authorities deny the allegations', 'sources': ['bbc.com']}
{'timestamp': 'Timestamp N/A', 'event_summary': "Satyanarayan Gurjar said adding that the region 's top forest official was incensed at his act", 'sources': ['bbc.com']}
{'timestamp': 'Timestamp N/A', 'event_summary': 'eight died from causes like kidney failure and mating injuries', 'sources': ['bbc.com']}
{'timestamp': 'Timestamp N/A', 'event_summary': '20 cheetahs relocated from South Africa and Namibia', 'sources': ['bbc.com']}
{'timestamp': 'Timestamp N/A', 'event_summary': 'India expected to receive 20 more from South Africa this year', 'sources': ['bbc.com']}
{'timestamp': 'Timestamp N/A', 'event_summary': 'I sense the feelings of 99 % of animals', 'sources': ['bbc.com']}
{'timestamp': 'Timestamp N/A', 'event_summary': 'An Indian forest worker , who was suspended after he was seen offering water to a cheetah and her cubs in a viral video , restored in his job', 'sources': ['bbc.com']}
{'timestamp': 'Timestamp N/A', 'event_summary': 'I called her', 'sources': ['bbc.com']}
{'timestamp': 'Timestamp N/A', 'event_summary': 'Satyanarayan Gurjar , a driver at the Kuno National Park in Madhya Pradesh state , violated instructions which said only authorised personnel could go near the big cats', 'sources': ['bbc.com']}
{'timestamp': 'Timestamp N/A', 'event_summary': 'Satyanarayan Gurjar come only when you call them by their names', 'sources': ['bbc.com']}